{
  "RSpec": {
    "coverage": {
      "/Users/ninavyshnevska/Documents/Rails Projects/QuizzApplication/QuizzApp/app/models/user.rb": [
        1,
        1,
        null,
        null,
        null,
        1,
        1,
        null,
        1,
        1,
        1,
        null,
        null,
        1,
        1,
        1,
        1,
        null,
        1,
        null,
        1,
        1,
        null,
        1,
        1,
        null,
        null,
        1,
        2,
        null,
        null,
        1,
        4,
        null,
        null,
        1,
        0,
        null,
        null,
        1,
        0,
        0,
        0,
        null,
        null,
        null,
        null,
        null,
        null,
        0,
        null,
        null,
        1,
        null,
        null,
        null,
        1,
        0,
        null,
        null,
        1,
        1,
        16,
        null,
        null
      ],
      "/Users/ninavyshnevska/Documents/Rails Projects/QuizzApplication/QuizzApp/app/controllers/application_controller.rb": [
        1,
        1,
        1,
        1,
        null,
        1,
        7,
        null,
        null
      ],
      "/Users/ninavyshnevska/Documents/Rails Projects/QuizzApplication/QuizzApp/app/helpers/application_helper.rb": [
        1,
        null,
        null,
        null,
        null,
        null,
        null,
        null,
        null,
        null,
        null,
        null,
        null
      ],
      "/Users/ninavyshnevska/Documents/Rails Projects/QuizzApplication/QuizzApp/app/helpers/answers_helper.rb": [
        1,
        null
      ],
      "/Users/ninavyshnevska/Documents/Rails Projects/QuizzApplication/QuizzApp/app/helpers/friendships_helper.rb": [
        1,
        null
      ],
      "/Users/ninavyshnevska/Documents/Rails Projects/QuizzApplication/QuizzApp/app/helpers/game_details_helper.rb": [
        1,
        null
      ],
      "/Users/ninavyshnevska/Documents/Rails Projects/QuizzApplication/QuizzApp/app/helpers/games_helper.rb": [
        1,
        1,
        0,
        null,
        null,
        1,
        0,
        null,
        null,
        1,
        0,
        null,
        null,
        null
      ],
      "/Users/ninavyshnevska/Documents/Rails Projects/QuizzApplication/QuizzApp/app/helpers/questions_helper.rb": [
        1,
        null
      ],
      "/Users/ninavyshnevska/Documents/Rails Projects/QuizzApplication/QuizzApp/app/helpers/quizzs_helper.rb": [
        1,
        1,
        0,
        null,
        null
      ],
      "/Users/ninavyshnevska/Documents/Rails Projects/QuizzApplication/QuizzApp/app/helpers/users_helper.rb": [
        1,
        null
      ],
      "/Users/ninavyshnevska/Documents/Rails Projects/QuizzApplication/QuizzApp/app/controllers/answers_controller.rb": [
        1,
        null
      ],
      "/Users/ninavyshnevska/Documents/Rails Projects/QuizzApplication/QuizzApp/app/models/answer.rb": [
        1,
        1,
        1,
        1,
        null,
        1,
        0,
        null,
        null,
        1,
        0,
        0,
        null,
        null,
        1,
        0,
        0,
        null,
        null,
        null,
        null,
        null,
        null,
        null
      ],
      "/Users/ninavyshnevska/Documents/Rails Projects/QuizzApplication/QuizzApp/app/controllers/friendships_controller.rb": [
        1,
        null,
        null,
        1,
        0,
        null,
        0,
        0,
        0,
        null,
        null,
        null,
        null,
        null,
        1,
        0,
        null,
        0,
        0,
        0,
        null,
        null,
        null,
        null,
        null,
        1,
        0,
        null,
        0,
        0,
        0,
        null,
        null,
        null,
        null,
        1,
        0,
        null,
        null,
        null,
        null,
        1,
        0,
        0,
        null,
        0,
        0,
        0,
        0,
        null,
        0,
        0,
        null,
        null,
        null,
        null,
        null,
        1,
        0,
        null,
        0,
        0,
        0,
        0,
        null,
        0,
        0,
        null,
        null,
        null,
        null,
        null,
        null,
        1,
        0,
        0,
        0,
        0,
        null,
        null
      ],
      "/Users/ninavyshnevska/Documents/Rails Projects/QuizzApplication/QuizzApp/app/models/friendship.rb": [
        1,
        1,
        1,
        1,
        null
      ],
      "/Users/ninavyshnevska/Documents/Rails Projects/QuizzApplication/QuizzApp/app/controllers/game_details_controller.rb": [
        1,
        null
      ],
      "/Users/ninavyshnevska/Documents/Rails Projects/QuizzApplication/QuizzApp/app/models/game_detail.rb": [
        1,
        1,
        1,
        1,
        1,
        null,
        1,
        1,
        1,
        null
      ],
      "/Users/ninavyshnevska/Documents/Rails Projects/QuizzApplication/QuizzApp/app/controllers/games_controller.rb": [
        1,
        null,
        1,
        null,
        1,
        null,
        null,
        1,
        0,
        0,
        0,
        0,
        0,
        null,
        null,
        null,
        null,
        0,
        0,
        null,
        0,
        null,
        null,
        null,
        null,
        1,
        0,
        0,
        null,
        0,
        0,
        0,
        null,
        0,
        0,
        0,
        null,
        null,
        null,
        1,
        0,
        null,
        0,
        0,
        null,
        null,
        null,
        1,
        0,
        null,
        0,
        0,
        null,
        null,
        null,
        1,
        0,
        null,
        0,
        0,
        null,
        null,
        null,
        1,
        0,
        0,
        0,
        0,
        null,
        null,
        0,
        0,
        null,
        null,
        null,
        1,
        0,
        0,
        0,
        0,
        0,
        0,
        null,
        null,
        0,
        0,
        0,
        null,
        null,
        0,
        0,
        0,
        null,
        null,
        0,
        0,
        null,
        null,
        1,
        0,
        0,
        0,
        0,
        0,
        null,
        0,
        null,
        null,
        null,
        1,
        0,
        null,
        null,
        null,
        null,
        null,
        null,
        null,
        1,
        0,
        null,
        null,
        null,
        null,
        null,
        null,
        null,
        null,
        1,
        0,
        0,
        0,
        null,
        null,
        1,
        0,
        0,
        null,
        0,
        0,
        null,
        null,
        1,
        0,
        0,
        0,
        0,
        0,
        0,
        0,
        null,
        null,
        0,
        0,
        null,
        0,
        0,
        null,
        0,
        0,
        null,
        0,
        null,
        null,
        null,
        null
      ],
      "/Users/ninavyshnevska/Documents/Rails Projects/QuizzApplication/QuizzApp/app/models/game.rb": [
        1,
        1,
        null,
        1,
        null,
        1,
        1,
        1,
        null,
        1,
        1,
        null,
        1,
        1,
        null,
        1,
        1,
        1,
        1,
        null,
        null,
        1,
        1,
        null,
        null,
        1,
        1,
        null,
        null,
        1,
        1,
        1,
        null,
        1,
        null,
        1,
        0,
        null,
        null,
        1,
        0,
        null,
        null,
        1,
        15,
        null,
        null,
        1,
        0,
        0,
        null,
        null,
        0,
        0,
        null,
        0,
        null,
        null,
        null,
        null,
        1,
        0,
        null,
        null,
        1,
        0,
        null,
        null,
        1,
        0,
        null,
        0,
        null,
        null,
        1,
        0,
        null,
        null,
        1,
        0,
        0,
        0,
        0,
        0,
        null,
        null,
        0,
        null,
        null,
        null
      ],
      "/Users/ninavyshnevska/Documents/Rails Projects/QuizzApplication/QuizzApp/app/controllers/questions_controller.rb": [
        1,
        null
      ],
      "/Users/ninavyshnevska/Documents/Rails Projects/QuizzApplication/QuizzApp/app/models/question.rb": [
        1,
        1,
        null,
        1,
        1,
        null,
        1,
        null,
        1,
        null,
        1,
        0,
        null,
        null,
        null
      ],
      "/Users/ninavyshnevska/Documents/Rails Projects/QuizzApplication/QuizzApp/app/controllers/quizzs_controller.rb": [
        1,
        null,
        1,
        1,
        3,
        3,
        null,
        null,
        1,
        1,
        1,
        1,
        1,
        null,
        null,
        null,
        1,
        0,
        0,
        0,
        0,
        null,
        null,
        null,
        1,
        0,
        0,
        null,
        0,
        0,
        null,
        null,
        null,
        null,
        1,
        0,
        0,
        0,
        0,
        0,
        0,
        0,
        null,
        0,
        null,
        0,
        0,
        null,
        null,
        null,
        0,
        null,
        null,
        0,
        0,
        0,
        null,
        0,
        0,
        null,
        null,
        null,
        1,
        3,
        3,
        9,
        null,
        0,
        null,
        null,
        3,
        3,
        3,
        null,
        0,
        null,
        null,
        null,
        1,
        0,
        0,
        0,
        0,
        null,
        null
      ],
      "/Users/ninavyshnevska/Documents/Rails Projects/QuizzApplication/QuizzApp/app/models/quizz.rb": [
        1,
        1,
        1,
        null,
        1,
        1,
        1,
        null,
        1,
        null,
        1,
        null,
        1,
        1,
        null,
        1,
        1,
        1,
        null,
        1,
        1,
        null,
        null,
        1,
        1,
        1,
        1,
        null,
        1,
        3,
        0,
        0,
        0,
        null,
        0,
        null,
        null,
        null,
        null,
        null,
        null
      ],
      "/Users/ninavyshnevska/Documents/Rails Projects/QuizzApplication/QuizzApp/app/controllers/users/omniauth_callbacks_controller.rb": [
        1,
        1,
        0,
        null,
        0,
        0,
        0,
        null,
        0,
        0,
        null,
        null,
        null,
        null
      ],
      "/Users/ninavyshnevska/Documents/Rails Projects/QuizzApplication/QuizzApp/app/mailers/user_mailer.rb": [
        1,
        1,
        null,
        1,
        0,
        0,
        0,
        0,
        null,
        null,
        1,
        0,
        0,
        0,
        null,
        null,
        1,
        0,
        0,
        0,
        null,
        null,
        1,
        0,
        0,
        0,
        null,
        null
      ],
      "/Users/ninavyshnevska/Documents/Rails Projects/QuizzApplication/QuizzApp/app/models/ability.rb": [
        1,
        1,
        null,
        1,
        null,
        0,
        0,
        0,
        0,
        0,
        0,
        0,
        null,
        null,
        null
      ],
      "/Users/ninavyshnevska/Documents/Rails Projects/QuizzApplication/QuizzApp/app/workers/game_finish_notification.rb": [
        1,
        1,
        null,
        1,
        0,
        0,
        0,
        null,
        null
      ],
      "/Users/ninavyshnevska/Documents/Rails Projects/QuizzApplication/QuizzApp/app/workers/game_start_notification.rb": [
        1,
        1,
        null,
        1,
        0,
        0,
        0,
        null,
        null
      ]
    },
    "timestamp": 1385580073
  }
}
